Terminals unused in grammar

   SIZEOF
   PTR
   DOT
   TYPEDEF
   SWITCH
   CASE
   DEFAULT
   SCANF
   ARRAY
   FUNCTION
   MAIN
   AND
   OR


Grammar

    0 $accept: start $end

    1 start: Function start
    2      | Declaration start
    3      | PREPROC start
    4      | %empty

    5 Declaration: Type Assignment ';'
    6            | Assignment ';'
    7            | FunctionCall ';'
    8            | ArrayUsage ';'
    9            | Type ArrayUsage ';'
   10            | StructStmt ';'
   11            | error

   12 $@1: %empty

   13 $@2: %empty

   14 Assignment: ID $@1 assign_operator $@2 Expression
   15           | ArrayUsage assign_operator Expression
   16           | ID ',' Assignment
   17           | ID
   18           | NUM
   19           | REAL

   20 assign_operator: '='
   21                | MUL_ASSIGN
   22                | SUB_ASSIGN
   23                | DIV_ASSIGN
   24                | ADD_ASSIGN

   25 $@3: %empty

   26 Expr: Expression RelOP $@3 Expression

   27 RelOP: LE
   28      | GE
   29      | NE
   30      | EQ
   31      | GT
   32      | LT

   33 $@4: %empty

   34 Expression: Expression '+' $@4 Expression

   35 $@5: %empty

   36 Expression: Expression '-' $@5 Expression

   37 $@6: %empty

   38 Expression: Expression '*' $@6 Expression

   39 $@7: %empty

   40 Expression: Expression '/' $@7 Expression
   41           | '(' Expression ')'
   42           | NUM
   43           | REAL
   44           | ID
   45           | ArrayUsage
   46           | FunctionCall

   47 FunctionCall: ID '(' ')'
   48             | ID '(' Assignment ')'

   49 $@8: %empty

   50 ArrayUsage: ID $@8 '[' Expression ']'

   51 Function: Type ID '(' ArgListOpt ')' CompoundStmt

   52 ArgListOpt: ArgList
   53           | %empty

   54 ArgList: ArgList ',' Arg
   55        | Arg

   56 Arg: Type ID

   57 $@9: %empty

   58 CompoundStmt: '{' $@9 StmtList '}'

   59 StmtList: StmtList Stmt
   60         | %empty

   61 Stmt: WhileStmt
   62     | DoWhileStmt
   63     | Declaration
   64     | ForStmt
   65     | IfStmt
   66     | PrintFunc
   67     | ';'
   68     | RETURN ';'
   69     | RETURN Assignment ';'
   70     | BREAK ';'
   71     | CONTINUE ';'
   72     | CompoundStmt

   73 Type: INT
   74     | FLOAT
   75     | VOID

   76 $@10: %empty

   77 $@11: %empty

   78 WhileStmt: WHILE $@10 '(' Expr ')' $@11 Stmt

   79 $@12: %empty

   80 DoWhileStmt: DO $@12 Stmt WHILE '(' Expr ')' ';'

   81 $@13: %empty

   82 $@14: %empty

   83 $@15: %empty

   84 ForStmt: FOR '(' Assignment $@13 ';' Expr $@14 ';' Assignment $@15 ')' Stmt

   85 $@16: %empty

   86 IfStmt: IF '(' Expr ')' $@16 CompoundStmt Else

   87 $@17: %empty

   88 Else: ELSE $@17 CompoundStmt
   89     | %empty

   90 StructStmt: STRUCT ID '{' Type Assignment ';' '}'

   91 PrintFunc: PRINTF '(' STRING ')' ';'


Terminals, with rules where they appear

$end (0) 0
'(' (40) 41 47 48 51 78 80 84 86 91
')' (41) 41 47 48 51 78 80 84 86 91
'*' (42) 38
'+' (43) 34
',' (44) 16 54
'-' (45) 36
'/' (47) 40
';' (59) 5 6 7 8 9 10 67 68 69 70 71 80 84 90 91
'=' (61) 20
'[' (91) 50
']' (93) 50
'{' (123) 58 90
'}' (125) 58 90
error (256) 11
ID (258) 14 16 17 44 47 48 50 51 56 90
NUM (259) 18 42
REAL (260) 19 43
SIZEOF (261)
PTR (262)
DOT (263)
TYPEDEF (264)
STRUCT (265) 90
INT (266) 73
FLOAT (267) 74
VOID (268) 75
IF (269) 86
ELSE (270) 88
WHILE (271) 78 80
RETURN (272) 68 69
FOR (273) 84
DO (274) 80
SWITCH (275)
CASE (276)
BREAK (277) 70
DEFAULT (278)
CONTINUE (279) 71
PRINTF (280) 91
SCANF (281)
STRING (282) 91
PREPROC (283) 3
MUL_ASSIGN (284) 21
SUB_ASSIGN (285) 22
DIV_ASSIGN (286) 23
ADD_ASSIGN (287) 24
ARRAY (288)
FUNCTION (289)
MAIN (290)
GT (291) 31
LT (292) 32
LE (293) 27
GE (294) 28
NE (295) 29
EQ (296) 30
AND (297)
OR (298)


Nonterminals, with rules where they appear

$accept (57)
    on left: 0
start (58)
    on left: 1 2 3 4, on right: 0 1 2 3
Declaration (59)
    on left: 5 6 7 8 9 10 11, on right: 2 63
Assignment (60)
    on left: 14 15 16 17 18 19, on right: 5 6 16 48 69 84 90
$@1 (61)
    on left: 12, on right: 14
$@2 (62)
    on left: 13, on right: 14
assign_operator (63)
    on left: 20 21 22 23 24, on right: 14 15
Expr (64)
    on left: 26, on right: 78 80 84 86
$@3 (65)
    on left: 25, on right: 26
RelOP (66)
    on left: 27 28 29 30 31 32, on right: 26
Expression (67)
    on left: 34 36 38 40 41 42 43 44 45 46, on right: 14 15 26 34 36
    38 40 41 50
$@4 (68)
    on left: 33, on right: 34
$@5 (69)
    on left: 35, on right: 36
$@6 (70)
    on left: 37, on right: 38
$@7 (71)
    on left: 39, on right: 40
FunctionCall (72)
    on left: 47 48, on right: 7 46
ArrayUsage (73)
    on left: 50, on right: 8 9 15 45
$@8 (74)
    on left: 49, on right: 50
Function (75)
    on left: 51, on right: 1
ArgListOpt (76)
    on left: 52 53, on right: 51
ArgList (77)
    on left: 54 55, on right: 52 54
Arg (78)
    on left: 56, on right: 54 55
CompoundStmt (79)
    on left: 58, on right: 51 72 86 88
$@9 (80)
    on left: 57, on right: 58
StmtList (81)
    on left: 59 60, on right: 58 59
Stmt (82)
    on left: 61 62 63 64 65 66 67 68 69 70 71 72, on right: 59 78 80
    84
Type (83)
    on left: 73 74 75, on right: 5 9 51 56 90
WhileStmt (84)
    on left: 78, on right: 61
$@10 (85)
    on left: 76, on right: 78
$@11 (86)
    on left: 77, on right: 78
DoWhileStmt (87)
    on left: 80, on right: 62
$@12 (88)
    on left: 79, on right: 80
ForStmt (89)
    on left: 84, on right: 64
$@13 (90)
    on left: 81, on right: 84
$@14 (91)
    on left: 82, on right: 84
$@15 (92)
    on left: 83, on right: 84
IfStmt (93)
    on left: 86, on right: 65
$@16 (94)
    on left: 85, on right: 86
Else (95)
    on left: 88 89, on right: 86
$@17 (96)
    on left: 87, on right: 88
StructStmt (97)
    on left: 90, on right: 10
PrintFunc (98)
    on left: 91, on right: 66


State 0

    0 $accept: . start $end

    error    shift, and go to state 1
    ID       shift, and go to state 2
    NUM      shift, and go to state 3
    REAL     shift, and go to state 4
    STRUCT   shift, and go to state 5
    INT      shift, and go to state 6
    FLOAT    shift, and go to state 7
    VOID     shift, and go to state 8
    PREPROC  shift, and go to state 9

    $end  reduce using rule 4 (start)

    start         go to state 10
    Declaration   go to state 11
    Assignment    go to state 12
    FunctionCall  go to state 13
    ArrayUsage    go to state 14
    Function      go to state 15
    Type          go to state 16
    StructStmt    go to state 17


State 1

   11 Declaration: error .

    $default  reduce using rule 11 (Declaration)


State 2

   14 Assignment: ID . $@1 assign_operator $@2 Expression
   16           | ID . ',' Assignment
   17           | ID .
   47 FunctionCall: ID . '(' ')'
   48             | ID . '(' Assignment ')'
   50 ArrayUsage: ID . $@8 '[' Expression ']'

    ','  shift, and go to state 18
    '('  shift, and go to state 19

    ';'       reduce using rule 17 (Assignment)
    '['       reduce using rule 49 ($@8)
    $default  reduce using rule 12 ($@1)

    $@1  go to state 20
    $@8  go to state 21


State 3

   18 Assignment: NUM .

    $default  reduce using rule 18 (Assignment)


State 4

   19 Assignment: REAL .

    $default  reduce using rule 19 (Assignment)


State 5

   90 StructStmt: STRUCT . ID '{' Type Assignment ';' '}'

    ID  shift, and go to state 22


State 6

   73 Type: INT .

    $default  reduce using rule 73 (Type)


State 7

   74 Type: FLOAT .

    $default  reduce using rule 74 (Type)


State 8

   75 Type: VOID .

    $default  reduce using rule 75 (Type)


State 9

    3 start: PREPROC . start

    error    shift, and go to state 1
    ID       shift, and go to state 2
    NUM      shift, and go to state 3
    REAL     shift, and go to state 4
    STRUCT   shift, and go to state 5
    INT      shift, and go to state 6
    FLOAT    shift, and go to state 7
    VOID     shift, and go to state 8
    PREPROC  shift, and go to state 9

    $end  reduce using rule 4 (start)

    start         go to state 23
    Declaration   go to state 11
    Assignment    go to state 12
    FunctionCall  go to state 13
    ArrayUsage    go to state 14
    Function      go to state 15
    Type          go to state 16
    StructStmt    go to state 17


State 10

    0 $accept: start . $end

    $end  shift, and go to state 24


State 11

    2 start: Declaration . start

    error    shift, and go to state 1
    ID       shift, and go to state 2
    NUM      shift, and go to state 3
    REAL     shift, and go to state 4
    STRUCT   shift, and go to state 5
    INT      shift, and go to state 6
    FLOAT    shift, and go to state 7
    VOID     shift, and go to state 8
    PREPROC  shift, and go to state 9

    $end  reduce using rule 4 (start)

    start         go to state 25
    Declaration   go to state 11
    Assignment    go to state 12
    FunctionCall  go to state 13
    ArrayUsage    go to state 14
    Function      go to state 15
    Type          go to state 16
    StructStmt    go to state 17


State 12

    6 Declaration: Assignment . ';'

    ';'  shift, and go to state 26


State 13

    7 Declaration: FunctionCall . ';'

    ';'  shift, and go to state 27


State 14

    8 Declaration: ArrayUsage . ';'
   15 Assignment: ArrayUsage . assign_operator Expression

    MUL_ASSIGN  shift, and go to state 28
    SUB_ASSIGN  shift, and go to state 29
    DIV_ASSIGN  shift, and go to state 30
    ADD_ASSIGN  shift, and go to state 31
    ';'         shift, and go to state 32
    '='         shift, and go to state 33

    assign_operator  go to state 34


State 15

    1 start: Function . start

    error    shift, and go to state 1
    ID       shift, and go to state 2
    NUM      shift, and go to state 3
    REAL     shift, and go to state 4
    STRUCT   shift, and go to state 5
    INT      shift, and go to state 6
    FLOAT    shift, and go to state 7
    VOID     shift, and go to state 8
    PREPROC  shift, and go to state 9

    $end  reduce using rule 4 (start)

    start         go to state 35
    Declaration   go to state 11
    Assignment    go to state 12
    FunctionCall  go to state 13
    ArrayUsage    go to state 14
    Function      go to state 15
    Type          go to state 16
    StructStmt    go to state 17


State 16

    5 Declaration: Type . Assignment ';'
    9            | Type . ArrayUsage ';'
   51 Function: Type . ID '(' ArgListOpt ')' CompoundStmt

    ID    shift, and go to state 36
    NUM   shift, and go to state 3
    REAL  shift, and go to state 4

    Assignment  go to state 37
    ArrayUsage  go to state 38


State 17

   10 Declaration: StructStmt . ';'

    ';'  shift, and go to state 39


State 18

   16 Assignment: ID ',' . Assignment

    ID    shift, and go to state 40
    NUM   shift, and go to state 3
    REAL  shift, and go to state 4

    Assignment  go to state 41
    ArrayUsage  go to state 42


State 19

   47 FunctionCall: ID '(' . ')'
   48             | ID '(' . Assignment ')'

    ID    shift, and go to state 40
    NUM   shift, and go to state 3
    REAL  shift, and go to state 4
    ')'   shift, and go to state 43

    Assignment  go to state 44
    ArrayUsage  go to state 42


State 20

   14 Assignment: ID $@1 . assign_operator $@2 Expression

    MUL_ASSIGN  shift, and go to state 28
    SUB_ASSIGN  shift, and go to state 29
    DIV_ASSIGN  shift, and go to state 30
    ADD_ASSIGN  shift, and go to state 31
    '='         shift, and go to state 33

    assign_operator  go to state 45


State 21

   50 ArrayUsage: ID $@8 . '[' Expression ']'

    '['  shift, and go to state 46


State 22

   90 StructStmt: STRUCT ID . '{' Type Assignment ';' '}'

    '{'  shift, and go to state 47


State 23

    3 start: PREPROC start .

    $default  reduce using rule 3 (start)


State 24

    0 $accept: start $end .

    $default  accept


State 25

    2 start: Declaration start .

    $default  reduce using rule 2 (start)


State 26

    6 Declaration: Assignment ';' .

    $default  reduce using rule 6 (Declaration)


State 27

    7 Declaration: FunctionCall ';' .

    $default  reduce using rule 7 (Declaration)


State 28

   21 assign_operator: MUL_ASSIGN .

    $default  reduce using rule 21 (assign_operator)


State 29

   22 assign_operator: SUB_ASSIGN .

    $default  reduce using rule 22 (assign_operator)


State 30

   23 assign_operator: DIV_ASSIGN .

    $default  reduce using rule 23 (assign_operator)


State 31

   24 assign_operator: ADD_ASSIGN .

    $default  reduce using rule 24 (assign_operator)


State 32

    8 Declaration: ArrayUsage ';' .

    $default  reduce using rule 8 (Declaration)


State 33

   20 assign_operator: '=' .

    $default  reduce using rule 20 (assign_operator)


State 34

   15 Assignment: ArrayUsage assign_operator . Expression

    ID    shift, and go to state 48
    NUM   shift, and go to state 49
    REAL  shift, and go to state 50
    '('   shift, and go to state 51

    Expression    go to state 52
    FunctionCall  go to state 53
    ArrayUsage    go to state 54


State 35

    1 start: Function start .

    $default  reduce using rule 1 (start)


State 36

   14 Assignment: ID . $@1 assign_operator $@2 Expression
   16           | ID . ',' Assignment
   17           | ID .
   50 ArrayUsage: ID . $@8 '[' Expression ']'
   51 Function: Type ID . '(' ArgListOpt ')' CompoundStmt

    ','  shift, and go to state 18
    '('  shift, and go to state 55

    ';'       reduce using rule 17 (Assignment)
    '['       reduce using rule 49 ($@8)
    $default  reduce using rule 12 ($@1)

    $@1  go to state 20
    $@8  go to state 21


State 37

    5 Declaration: Type Assignment . ';'

    ';'  shift, and go to state 56


State 38

    9 Declaration: Type ArrayUsage . ';'
   15 Assignment: ArrayUsage . assign_operator Expression

    MUL_ASSIGN  shift, and go to state 28
    SUB_ASSIGN  shift, and go to state 29
    DIV_ASSIGN  shift, and go to state 30
    ADD_ASSIGN  shift, and go to state 31
    ';'         shift, and go to state 57
    '='         shift, and go to state 33

    assign_operator  go to state 34


State 39

   10 Declaration: StructStmt ';' .

    $default  reduce using rule 10 (Declaration)


State 40

   14 Assignment: ID . $@1 assign_operator $@2 Expression
   16           | ID . ',' Assignment
   17           | ID .
   50 ArrayUsage: ID . $@8 '[' Expression ']'

    ','  shift, and go to state 18

    ';'       reduce using rule 17 (Assignment)
    ')'       reduce using rule 17 (Assignment)
    '['       reduce using rule 49 ($@8)
    $default  reduce using rule 12 ($@1)

    $@1  go to state 20
    $@8  go to state 21


State 41

   16 Assignment: ID ',' Assignment .

    $default  reduce using rule 16 (Assignment)


State 42

   15 Assignment: ArrayUsage . assign_operator Expression

    MUL_ASSIGN  shift, and go to state 28
    SUB_ASSIGN  shift, and go to state 29
    DIV_ASSIGN  shift, and go to state 30
    ADD_ASSIGN  shift, and go to state 31
    '='         shift, and go to state 33

    assign_operator  go to state 34


State 43

   47 FunctionCall: ID '(' ')' .

    $default  reduce using rule 47 (FunctionCall)


State 44

   48 FunctionCall: ID '(' Assignment . ')'

    ')'  shift, and go to state 58


State 45

   14 Assignment: ID $@1 assign_operator . $@2 Expression

    $default  reduce using rule 13 ($@2)

    $@2  go to state 59


State 46

   50 ArrayUsage: ID $@8 '[' . Expression ']'

    ID    shift, and go to state 48
    NUM   shift, and go to state 49
    REAL  shift, and go to state 50
    '('   shift, and go to state 51

    Expression    go to state 60
    FunctionCall  go to state 53
    ArrayUsage    go to state 54


State 47

   90 StructStmt: STRUCT ID '{' . Type Assignment ';' '}'

    INT    shift, and go to state 6
    FLOAT  shift, and go to state 7
    VOID   shift, and go to state 8

    Type  go to state 61


State 48

   44 Expression: ID .
   47 FunctionCall: ID . '(' ')'
   48             | ID . '(' Assignment ')'
   50 ArrayUsage: ID . $@8 '[' Expression ']'

    '('  shift, and go to state 19

    '['       reduce using rule 49 ($@8)
    $default  reduce using rule 44 (Expression)

    $@8  go to state 21


State 49

   42 Expression: NUM .

    $default  reduce using rule 42 (Expression)


State 50

   43 Expression: REAL .

    $default  reduce using rule 43 (Expression)


State 51

   41 Expression: '(' . Expression ')'

    ID    shift, and go to state 48
    NUM   shift, and go to state 49
    REAL  shift, and go to state 50
    '('   shift, and go to state 51

    Expression    go to state 62
    FunctionCall  go to state 53
    ArrayUsage    go to state 54


State 52

   15 Assignment: ArrayUsage assign_operator Expression .
   34 Expression: Expression . '+' $@4 Expression
   36           | Expression . '-' $@5 Expression
   38           | Expression . '*' $@6 Expression
   40           | Expression . '/' $@7 Expression

    '+'  shift, and go to state 63
    '-'  shift, and go to state 64
    '*'  shift, and go to state 65
    '/'  shift, and go to state 66

    $default  reduce using rule 15 (Assignment)


State 53

   46 Expression: FunctionCall .

    $default  reduce using rule 46 (Expression)


State 54

   45 Expression: ArrayUsage .

    $default  reduce using rule 45 (Expression)


State 55

   51 Function: Type ID '(' . ArgListOpt ')' CompoundStmt

    INT    shift, and go to state 6
    FLOAT  shift, and go to state 7
    VOID   shift, and go to state 8

    $default  reduce using rule 53 (ArgListOpt)

    ArgListOpt  go to state 67
    ArgList     go to state 68
    Arg         go to state 69
    Type        go to state 70


State 56

    5 Declaration: Type Assignment ';' .

    $default  reduce using rule 5 (Declaration)


State 57

    9 Declaration: Type ArrayUsage ';' .

    $default  reduce using rule 9 (Declaration)


State 58

   48 FunctionCall: ID '(' Assignment ')' .

    $default  reduce using rule 48 (FunctionCall)


State 59

   14 Assignment: ID $@1 assign_operator $@2 . Expression

    ID    shift, and go to state 48
    NUM   shift, and go to state 49
    REAL  shift, and go to state 50
    '('   shift, and go to state 51

    Expression    go to state 71
    FunctionCall  go to state 53
    ArrayUsage    go to state 54


State 60

   34 Expression: Expression . '+' $@4 Expression
   36           | Expression . '-' $@5 Expression
   38           | Expression . '*' $@6 Expression
   40           | Expression . '/' $@7 Expression
   50 ArrayUsage: ID $@8 '[' Expression . ']'

    '+'  shift, and go to state 63
    '-'  shift, and go to state 64
    '*'  shift, and go to state 65
    '/'  shift, and go to state 66
    ']'  shift, and go to state 72


State 61

   90 StructStmt: STRUCT ID '{' Type . Assignment ';' '}'

    ID    shift, and go to state 40
    NUM   shift, and go to state 3
    REAL  shift, and go to state 4

    Assignment  go to state 73
    ArrayUsage  go to state 42


State 62

   34 Expression: Expression . '+' $@4 Expression
   36           | Expression . '-' $@5 Expression
   38           | Expression . '*' $@6 Expression
   40           | Expression . '/' $@7 Expression
   41           | '(' Expression . ')'

    '+'  shift, and go to state 63
    '-'  shift, and go to state 64
    '*'  shift, and go to state 65
    '/'  shift, and go to state 66
    ')'  shift, and go to state 74


State 63

   34 Expression: Expression '+' . $@4 Expression

    $default  reduce using rule 33 ($@4)

    $@4  go to state 75


State 64

   36 Expression: Expression '-' . $@5 Expression

    $default  reduce using rule 35 ($@5)

    $@5  go to state 76


State 65

   38 Expression: Expression '*' . $@6 Expression

    $default  reduce using rule 37 ($@6)

    $@6  go to state 77


State 66

   40 Expression: Expression '/' . $@7 Expression

    $default  reduce using rule 39 ($@7)

    $@7  go to state 78


State 67

   51 Function: Type ID '(' ArgListOpt . ')' CompoundStmt

    ')'  shift, and go to state 79


State 68

   52 ArgListOpt: ArgList .
   54 ArgList: ArgList . ',' Arg

    ','  shift, and go to state 80

    $default  reduce using rule 52 (ArgListOpt)


State 69

   55 ArgList: Arg .

    $default  reduce using rule 55 (ArgList)


State 70

   56 Arg: Type . ID

    ID  shift, and go to state 81


State 71

   14 Assignment: ID $@1 assign_operator $@2 Expression .
   34 Expression: Expression . '+' $@4 Expression
   36           | Expression . '-' $@5 Expression
   38           | Expression . '*' $@6 Expression
   40           | Expression . '/' $@7 Expression

    '+'  shift, and go to state 63
    '-'  shift, and go to state 64
    '*'  shift, and go to state 65
    '/'  shift, and go to state 66

    $default  reduce using rule 14 (Assignment)


State 72

   50 ArrayUsage: ID $@8 '[' Expression ']' .

    $default  reduce using rule 50 (ArrayUsage)


State 73

   90 StructStmt: STRUCT ID '{' Type Assignment . ';' '}'

    ';'  shift, and go to state 82


State 74

   41 Expression: '(' Expression ')' .

    $default  reduce using rule 41 (Expression)


State 75

   34 Expression: Expression '+' $@4 . Expression

    ID    shift, and go to state 48
    NUM   shift, and go to state 49
    REAL  shift, and go to state 50
    '('   shift, and go to state 51

    Expression    go to state 83
    FunctionCall  go to state 53
    ArrayUsage    go to state 54


State 76

   36 Expression: Expression '-' $@5 . Expression

    ID    shift, and go to state 48
    NUM   shift, and go to state 49
    REAL  shift, and go to state 50
    '('   shift, and go to state 51

    Expression    go to state 84
    FunctionCall  go to state 53
    ArrayUsage    go to state 54


State 77

   38 Expression: Expression '*' $@6 . Expression

    ID    shift, and go to state 48
    NUM   shift, and go to state 49
    REAL  shift, and go to state 50
    '('   shift, and go to state 51

    Expression    go to state 85
    FunctionCall  go to state 53
    ArrayUsage    go to state 54


State 78

   40 Expression: Expression '/' $@7 . Expression

    ID    shift, and go to state 48
    NUM   shift, and go to state 49
    REAL  shift, and go to state 50
    '('   shift, and go to state 51

    Expression    go to state 86
    FunctionCall  go to state 53
    ArrayUsage    go to state 54


State 79

   51 Function: Type ID '(' ArgListOpt ')' . CompoundStmt

    '{'  shift, and go to state 87

    CompoundStmt  go to state 88


State 80

   54 ArgList: ArgList ',' . Arg

    INT    shift, and go to state 6
    FLOAT  shift, and go to state 7
    VOID   shift, and go to state 8

    Arg   go to state 89
    Type  go to state 70


State 81

   56 Arg: Type ID .

    $default  reduce using rule 56 (Arg)


State 82

   90 StructStmt: STRUCT ID '{' Type Assignment ';' . '}'

    '}'  shift, and go to state 90


State 83

   34 Expression: Expression . '+' $@4 Expression
   34           | Expression '+' $@4 Expression .
   36           | Expression . '-' $@5 Expression
   38           | Expression . '*' $@6 Expression
   40           | Expression . '/' $@7 Expression

    '*'  shift, and go to state 65
    '/'  shift, and go to state 66

    $default  reduce using rule 34 (Expression)


State 84

   34 Expression: Expression . '+' $@4 Expression
   36           | Expression . '-' $@5 Expression
   36           | Expression '-' $@5 Expression .
   38           | Expression . '*' $@6 Expression
   40           | Expression . '/' $@7 Expression

    '*'  shift, and go to state 65
    '/'  shift, and go to state 66

    $default  reduce using rule 36 (Expression)


State 85

   34 Expression: Expression . '+' $@4 Expression
   36           | Expression . '-' $@5 Expression
   38           | Expression . '*' $@6 Expression
   38           | Expression '*' $@6 Expression .
   40           | Expression . '/' $@7 Expression

    $default  reduce using rule 38 (Expression)


State 86

   34 Expression: Expression . '+' $@4 Expression
   36           | Expression . '-' $@5 Expression
   38           | Expression . '*' $@6 Expression
   40           | Expression . '/' $@7 Expression
   40           | Expression '/' $@7 Expression .

    $default  reduce using rule 40 (Expression)


State 87

   58 CompoundStmt: '{' . $@9 StmtList '}'

    $default  reduce using rule 57 ($@9)

    $@9  go to state 91


State 88

   51 Function: Type ID '(' ArgListOpt ')' CompoundStmt .

    $default  reduce using rule 51 (Function)


State 89

   54 ArgList: ArgList ',' Arg .

    $default  reduce using rule 54 (ArgList)


State 90

   90 StructStmt: STRUCT ID '{' Type Assignment ';' '}' .

    $default  reduce using rule 90 (StructStmt)


State 91

   58 CompoundStmt: '{' $@9 . StmtList '}'

    $default  reduce using rule 60 (StmtList)

    StmtList  go to state 92


State 92

   58 CompoundStmt: '{' $@9 StmtList . '}'
   59 StmtList: StmtList . Stmt

    error     shift, and go to state 1
    ID        shift, and go to state 2
    NUM       shift, and go to state 3
    REAL      shift, and go to state 4
    STRUCT    shift, and go to state 5
    INT       shift, and go to state 6
    FLOAT     shift, and go to state 7
    VOID      shift, and go to state 8
    IF        shift, and go to state 93
    WHILE     shift, and go to state 94
    RETURN    shift, and go to state 95
    FOR       shift, and go to state 96
    DO        shift, and go to state 97
    BREAK     shift, and go to state 98
    CONTINUE  shift, and go to state 99
    PRINTF    shift, and go to state 100
    ';'       shift, and go to state 101
    '{'       shift, and go to state 87
    '}'       shift, and go to state 102

    Declaration   go to state 103
    Assignment    go to state 12
    FunctionCall  go to state 13
    ArrayUsage    go to state 14
    CompoundStmt  go to state 104
    Stmt          go to state 105
    Type          go to state 106
    WhileStmt     go to state 107
    DoWhileStmt   go to state 108
    ForStmt       go to state 109
    IfStmt        go to state 110
    StructStmt    go to state 17
    PrintFunc     go to state 111


State 93

   86 IfStmt: IF . '(' Expr ')' $@16 CompoundStmt Else

    '('  shift, and go to state 112


State 94

   78 WhileStmt: WHILE . $@10 '(' Expr ')' $@11 Stmt

    $default  reduce using rule 76 ($@10)

    $@10  go to state 113


State 95

   68 Stmt: RETURN . ';'
   69     | RETURN . Assignment ';'

    ID    shift, and go to state 40
    NUM   shift, and go to state 3
    REAL  shift, and go to state 4
    ';'   shift, and go to state 114

    Assignment  go to state 115
    ArrayUsage  go to state 42


State 96

   84 ForStmt: FOR . '(' Assignment $@13 ';' Expr $@14 ';' Assignment $@15 ')' Stmt

    '('  shift, and go to state 116


State 97

   80 DoWhileStmt: DO . $@12 Stmt WHILE '(' Expr ')' ';'

    $default  reduce using rule 79 ($@12)

    $@12  go to state 117


State 98

   70 Stmt: BREAK . ';'

    ';'  shift, and go to state 118


State 99

   71 Stmt: CONTINUE . ';'

    ';'  shift, and go to state 119


State 100

   91 PrintFunc: PRINTF . '(' STRING ')' ';'

    '('  shift, and go to state 120


State 101

   67 Stmt: ';' .

    $default  reduce using rule 67 (Stmt)


State 102

   58 CompoundStmt: '{' $@9 StmtList '}' .

    $default  reduce using rule 58 (CompoundStmt)


State 103

   63 Stmt: Declaration .

    $default  reduce using rule 63 (Stmt)


State 104

   72 Stmt: CompoundStmt .

    $default  reduce using rule 72 (Stmt)


State 105

   59 StmtList: StmtList Stmt .

    $default  reduce using rule 59 (StmtList)


State 106

    5 Declaration: Type . Assignment ';'
    9            | Type . ArrayUsage ';'

    ID    shift, and go to state 40
    NUM   shift, and go to state 3
    REAL  shift, and go to state 4

    Assignment  go to state 37
    ArrayUsage  go to state 38


State 107

   61 Stmt: WhileStmt .

    $default  reduce using rule 61 (Stmt)


State 108

   62 Stmt: DoWhileStmt .

    $default  reduce using rule 62 (Stmt)


State 109

   64 Stmt: ForStmt .

    $default  reduce using rule 64 (Stmt)


State 110

   65 Stmt: IfStmt .

    $default  reduce using rule 65 (Stmt)


State 111

   66 Stmt: PrintFunc .

    $default  reduce using rule 66 (Stmt)


State 112

   86 IfStmt: IF '(' . Expr ')' $@16 CompoundStmt Else

    ID    shift, and go to state 48
    NUM   shift, and go to state 49
    REAL  shift, and go to state 50
    '('   shift, and go to state 51

    Expr          go to state 121
    Expression    go to state 122
    FunctionCall  go to state 53
    ArrayUsage    go to state 54


State 113

   78 WhileStmt: WHILE $@10 . '(' Expr ')' $@11 Stmt

    '('  shift, and go to state 123


State 114

   68 Stmt: RETURN ';' .

    $default  reduce using rule 68 (Stmt)


State 115

   69 Stmt: RETURN Assignment . ';'

    ';'  shift, and go to state 124


State 116

   84 ForStmt: FOR '(' . Assignment $@13 ';' Expr $@14 ';' Assignment $@15 ')' Stmt

    ID    shift, and go to state 40
    NUM   shift, and go to state 3
    REAL  shift, and go to state 4

    Assignment  go to state 125
    ArrayUsage  go to state 42


State 117

   80 DoWhileStmt: DO $@12 . Stmt WHILE '(' Expr ')' ';'

    error     shift, and go to state 1
    ID        shift, and go to state 2
    NUM       shift, and go to state 3
    REAL      shift, and go to state 4
    STRUCT    shift, and go to state 5
    INT       shift, and go to state 6
    FLOAT     shift, and go to state 7
    VOID      shift, and go to state 8
    IF        shift, and go to state 93
    WHILE     shift, and go to state 94
    RETURN    shift, and go to state 95
    FOR       shift, and go to state 96
    DO        shift, and go to state 97
    BREAK     shift, and go to state 98
    CONTINUE  shift, and go to state 99
    PRINTF    shift, and go to state 100
    ';'       shift, and go to state 101
    '{'       shift, and go to state 87

    Declaration   go to state 103
    Assignment    go to state 12
    FunctionCall  go to state 13
    ArrayUsage    go to state 14
    CompoundStmt  go to state 104
    Stmt          go to state 126
    Type          go to state 106
    WhileStmt     go to state 107
    DoWhileStmt   go to state 108
    ForStmt       go to state 109
    IfStmt        go to state 110
    StructStmt    go to state 17
    PrintFunc     go to state 111


State 118

   70 Stmt: BREAK ';' .

    $default  reduce using rule 70 (Stmt)


State 119

   71 Stmt: CONTINUE ';' .

    $default  reduce using rule 71 (Stmt)


State 120

   91 PrintFunc: PRINTF '(' . STRING ')' ';'

    STRING  shift, and go to state 127


State 121

   86 IfStmt: IF '(' Expr . ')' $@16 CompoundStmt Else

    ')'  shift, and go to state 128


State 122

   26 Expr: Expression . RelOP $@3 Expression
   34 Expression: Expression . '+' $@4 Expression
   36           | Expression . '-' $@5 Expression
   38           | Expression . '*' $@6 Expression
   40           | Expression . '/' $@7 Expression

    GT   shift, and go to state 129
    LT   shift, and go to state 130
    LE   shift, and go to state 131
    GE   shift, and go to state 132
    NE   shift, and go to state 133
    EQ   shift, and go to state 134
    '+'  shift, and go to state 63
    '-'  shift, and go to state 64
    '*'  shift, and go to state 65
    '/'  shift, and go to state 66

    RelOP  go to state 135


State 123

   78 WhileStmt: WHILE $@10 '(' . Expr ')' $@11 Stmt

    ID    shift, and go to state 48
    NUM   shift, and go to state 49
    REAL  shift, and go to state 50
    '('   shift, and go to state 51

    Expr          go to state 136
    Expression    go to state 122
    FunctionCall  go to state 53
    ArrayUsage    go to state 54


State 124

   69 Stmt: RETURN Assignment ';' .

    $default  reduce using rule 69 (Stmt)


State 125

   84 ForStmt: FOR '(' Assignment . $@13 ';' Expr $@14 ';' Assignment $@15 ')' Stmt

    $default  reduce using rule 81 ($@13)

    $@13  go to state 137


State 126

   80 DoWhileStmt: DO $@12 Stmt . WHILE '(' Expr ')' ';'

    WHILE  shift, and go to state 138


State 127

   91 PrintFunc: PRINTF '(' STRING . ')' ';'

    ')'  shift, and go to state 139


State 128

   86 IfStmt: IF '(' Expr ')' . $@16 CompoundStmt Else

    $default  reduce using rule 85 ($@16)

    $@16  go to state 140


State 129

   31 RelOP: GT .

    $default  reduce using rule 31 (RelOP)


State 130

   32 RelOP: LT .

    $default  reduce using rule 32 (RelOP)


State 131

   27 RelOP: LE .

    $default  reduce using rule 27 (RelOP)


State 132

   28 RelOP: GE .

    $default  reduce using rule 28 (RelOP)


State 133

   29 RelOP: NE .

    $default  reduce using rule 29 (RelOP)


State 134

   30 RelOP: EQ .

    $default  reduce using rule 30 (RelOP)


State 135

   26 Expr: Expression RelOP . $@3 Expression

    $default  reduce using rule 25 ($@3)

    $@3  go to state 141


State 136

   78 WhileStmt: WHILE $@10 '(' Expr . ')' $@11 Stmt

    ')'  shift, and go to state 142


State 137

   84 ForStmt: FOR '(' Assignment $@13 . ';' Expr $@14 ';' Assignment $@15 ')' Stmt

    ';'  shift, and go to state 143


State 138

   80 DoWhileStmt: DO $@12 Stmt WHILE . '(' Expr ')' ';'

    '('  shift, and go to state 144


State 139

   91 PrintFunc: PRINTF '(' STRING ')' . ';'

    ';'  shift, and go to state 145


State 140

   86 IfStmt: IF '(' Expr ')' $@16 . CompoundStmt Else

    '{'  shift, and go to state 87

    CompoundStmt  go to state 146


State 141

   26 Expr: Expression RelOP $@3 . Expression

    ID    shift, and go to state 48
    NUM   shift, and go to state 49
    REAL  shift, and go to state 50
    '('   shift, and go to state 51

    Expression    go to state 147
    FunctionCall  go to state 53
    ArrayUsage    go to state 54


State 142

   78 WhileStmt: WHILE $@10 '(' Expr ')' . $@11 Stmt

    $default  reduce using rule 77 ($@11)

    $@11  go to state 148


State 143

   84 ForStmt: FOR '(' Assignment $@13 ';' . Expr $@14 ';' Assignment $@15 ')' Stmt

    ID    shift, and go to state 48
    NUM   shift, and go to state 49
    REAL  shift, and go to state 50
    '('   shift, and go to state 51

    Expr          go to state 149
    Expression    go to state 122
    FunctionCall  go to state 53
    ArrayUsage    go to state 54


State 144

   80 DoWhileStmt: DO $@12 Stmt WHILE '(' . Expr ')' ';'

    ID    shift, and go to state 48
    NUM   shift, and go to state 49
    REAL  shift, and go to state 50
    '('   shift, and go to state 51

    Expr          go to state 150
    Expression    go to state 122
    FunctionCall  go to state 53
    ArrayUsage    go to state 54


State 145

   91 PrintFunc: PRINTF '(' STRING ')' ';' .

    $default  reduce using rule 91 (PrintFunc)


State 146

   86 IfStmt: IF '(' Expr ')' $@16 CompoundStmt . Else

    ELSE  shift, and go to state 151

    $default  reduce using rule 89 (Else)

    Else  go to state 152


State 147

   26 Expr: Expression RelOP $@3 Expression .
   34 Expression: Expression . '+' $@4 Expression
   36           | Expression . '-' $@5 Expression
   38           | Expression . '*' $@6 Expression
   40           | Expression . '/' $@7 Expression

    '+'  shift, and go to state 63
    '-'  shift, and go to state 64
    '*'  shift, and go to state 65
    '/'  shift, and go to state 66

    $default  reduce using rule 26 (Expr)


State 148

   78 WhileStmt: WHILE $@10 '(' Expr ')' $@11 . Stmt

    error     shift, and go to state 1
    ID        shift, and go to state 2
    NUM       shift, and go to state 3
    REAL      shift, and go to state 4
    STRUCT    shift, and go to state 5
    INT       shift, and go to state 6
    FLOAT     shift, and go to state 7
    VOID      shift, and go to state 8
    IF        shift, and go to state 93
    WHILE     shift, and go to state 94
    RETURN    shift, and go to state 95
    FOR       shift, and go to state 96
    DO        shift, and go to state 97
    BREAK     shift, and go to state 98
    CONTINUE  shift, and go to state 99
    PRINTF    shift, and go to state 100
    ';'       shift, and go to state 101
    '{'       shift, and go to state 87

    Declaration   go to state 103
    Assignment    go to state 12
    FunctionCall  go to state 13
    ArrayUsage    go to state 14
    CompoundStmt  go to state 104
    Stmt          go to state 153
    Type          go to state 106
    WhileStmt     go to state 107
    DoWhileStmt   go to state 108
    ForStmt       go to state 109
    IfStmt        go to state 110
    StructStmt    go to state 17
    PrintFunc     go to state 111


State 149

   84 ForStmt: FOR '(' Assignment $@13 ';' Expr . $@14 ';' Assignment $@15 ')' Stmt

    $default  reduce using rule 82 ($@14)

    $@14  go to state 154


State 150

   80 DoWhileStmt: DO $@12 Stmt WHILE '(' Expr . ')' ';'

    ')'  shift, and go to state 155


State 151

   88 Else: ELSE . $@17 CompoundStmt

    $default  reduce using rule 87 ($@17)

    $@17  go to state 156


State 152

   86 IfStmt: IF '(' Expr ')' $@16 CompoundStmt Else .

    $default  reduce using rule 86 (IfStmt)


State 153

   78 WhileStmt: WHILE $@10 '(' Expr ')' $@11 Stmt .

    $default  reduce using rule 78 (WhileStmt)


State 154

   84 ForStmt: FOR '(' Assignment $@13 ';' Expr $@14 . ';' Assignment $@15 ')' Stmt

    ';'  shift, and go to state 157


State 155

   80 DoWhileStmt: DO $@12 Stmt WHILE '(' Expr ')' . ';'

    ';'  shift, and go to state 158


State 156

   88 Else: ELSE $@17 . CompoundStmt

    '{'  shift, and go to state 87

    CompoundStmt  go to state 159


State 157

   84 ForStmt: FOR '(' Assignment $@13 ';' Expr $@14 ';' . Assignment $@15 ')' Stmt

    ID    shift, and go to state 40
    NUM   shift, and go to state 3
    REAL  shift, and go to state 4

    Assignment  go to state 160
    ArrayUsage  go to state 42


State 158

   80 DoWhileStmt: DO $@12 Stmt WHILE '(' Expr ')' ';' .

    $default  reduce using rule 80 (DoWhileStmt)


State 159

   88 Else: ELSE $@17 CompoundStmt .

    $default  reduce using rule 88 (Else)


State 160

   84 ForStmt: FOR '(' Assignment $@13 ';' Expr $@14 ';' Assignment . $@15 ')' Stmt

    $default  reduce using rule 83 ($@15)

    $@15  go to state 161


State 161

   84 ForStmt: FOR '(' Assignment $@13 ';' Expr $@14 ';' Assignment $@15 . ')' Stmt

    ')'  shift, and go to state 162


State 162

   84 ForStmt: FOR '(' Assignment $@13 ';' Expr $@14 ';' Assignment $@15 ')' . Stmt

    error     shift, and go to state 1
    ID        shift, and go to state 2
    NUM       shift, and go to state 3
    REAL      shift, and go to state 4
    STRUCT    shift, and go to state 5
    INT       shift, and go to state 6
    FLOAT     shift, and go to state 7
    VOID      shift, and go to state 8
    IF        shift, and go to state 93
    WHILE     shift, and go to state 94
    RETURN    shift, and go to state 95
    FOR       shift, and go to state 96
    DO        shift, and go to state 97
    BREAK     shift, and go to state 98
    CONTINUE  shift, and go to state 99
    PRINTF    shift, and go to state 100
    ';'       shift, and go to state 101
    '{'       shift, and go to state 87

    Declaration   go to state 103
    Assignment    go to state 12
    FunctionCall  go to state 13
    ArrayUsage    go to state 14
    CompoundStmt  go to state 104
    Stmt          go to state 163
    Type          go to state 106
    WhileStmt     go to state 107
    DoWhileStmt   go to state 108
    ForStmt       go to state 109
    IfStmt        go to state 110
    StructStmt    go to state 17
    PrintFunc     go to state 111


State 163

   84 ForStmt: FOR '(' Assignment $@13 ';' Expr $@14 ';' Assignment $@15 ')' Stmt .

    $default  reduce using rule 84 (ForStmt)
